<?xml version="1.0" encoding="UTF-8"?>
<!-- Generated by org.testng.reporters.JUnitReportReporter -->
<testsuite skipped="0" hostname="WS-HP-5CG6326SJ6" name="org.testing.TestSteps.TC4_put_request" tests="1" failures="0" timestamp="09 Jun 2021 18:51:22 GMT" time="0.132" errors="0">
  <testcase name="TC4_put_request" time="0.132" classname="org.testing.TestSteps.TC4_put_request"/>
</testsuite> <!-- org.testing.TestSteps.TC4_put_request -->
